\BOOKMARK [0][-]{chapter*.1}{D\351dicace}{}% 1
\BOOKMARK [0][-]{chapter*.2}{Remerciements}{}% 2
\BOOKMARK [0][-]{chapter*.2}{Glossaire}{}% 3
\BOOKMARK [0][-]{chapter*.3}{R\351sum\351/Abstract}{}% 4
\BOOKMARK [0][-]{chapter*.4}{Introduction g\351n\351rale}{}% 5
\BOOKMARK [0][-]{chapter.1}{Contexte de l'\351tude}{}% 6
\BOOKMARK [1][-]{section.1.1}{Cadre du projet}{chapter.1}% 7
\BOOKMARK [1][-]{section.1.2}{Pr\351sentation de la structure de formation}{chapter.1}% 8
\BOOKMARK [1][-]{section.1.3}{Pr\351sentation de la structure de stage}{chapter.1}% 9
\BOOKMARK [1][-]{section.1.4}{Pr\351sentation du projet}{chapter.1}% 10
\BOOKMARK [2][-]{subsection.1.4.1}{Probl\351matique}{section.1.4}% 11
\BOOKMARK [2][-]{subsection.1.4.2}{\311tude de l'existant}{section.1.4}% 12
\BOOKMARK [2][-]{subsection.1.4.3}{Objectifs}{section.1.4}% 13
\BOOKMARK [1][-]{section.1.5}{Conclusion}{chapter.1}% 14
\BOOKMARK [0][-]{chapter.2}{Analyse informatique}{}% 15
\BOOKMARK [1][-]{section.2.1}{Introduction}{chapter.2}% 16
\BOOKMARK [1][-]{section.2.2}{Le diagramme de s\351quences}{chapter.2}% 17
\BOOKMARK [1][-]{section.2.3}{Le diagramme de d\351ploiement}{chapter.2}% 18
\BOOKMARK [0][-]{chapter.3}{Conception et r\351alisation}{}% 19
\BOOKMARK [1][-]{section.3.1}{Introduction}{chapter.3}% 20
\BOOKMARK [1][-]{section.3.2}{Architecture Orient\351e Service}{chapter.3}% 21
\BOOKMARK [1][-]{section.3.3}{Technologies utilis\351es}{chapter.3}% 22
\BOOKMARK [2][-]{subsection.3.3.1}{Apache Tomcat}{section.3.3}% 23
\BOOKMARK [2][-]{subsection.3.3.2}{Angular}{section.3.3}% 24
\BOOKMARK [2][-]{subsection.3.3.3}{TypeScript}{section.3.3}% 25
\BOOKMARK [2][-]{subsection.3.3.4}{Bootstrap}{section.3.3}% 26
\BOOKMARK [1][-]{section.3.4}{Environnement technique}{chapter.3}% 27
\BOOKMARK [2][-]{subsection.3.4.1}{M\351thodologie : Agile - SCRUM}{section.3.4}% 28
\BOOKMARK [2][-]{subsection.3.4.2}{Outils projet}{section.3.4}% 29
\BOOKMARK [2][-]{subsection.3.4.3}{Int\351gration continue : Jenkins}{section.3.4}% 30
\BOOKMARK [2][-]{subsection.3.4.4}{Gestionnaire de code source : Bitbucket avec le Git}{section.3.4}% 31
\BOOKMARK [1][-]{section.3.5}{R\351alisation}{chapter.3}% 32
\BOOKMARK [2][-]{subsection.3.5.1}{Capture de la page du dashboard}{section.3.5}% 33
\BOOKMARK [2][-]{subsection.3.5.2}{Capture de cr\351ation de cours }{section.3.5}% 34
\BOOKMARK [0][-]{chapter*.17}{Conclusion g\351n\351rale}{}% 35
\BOOKMARK [0][-]{chapter*.18}{Bibliographie}{}% 36
\BOOKMARK [0][-]{appendix.A}{Annexe 1}{}% 37
