\BOOKMARK [0][-]{chapter*.1}{D\351dicace}{}% 1
\BOOKMARK [0][-]{chapter*.2}{Remerciements}{}% 2
\BOOKMARK [0][-]{chapter*.2}{Glossaire}{}% 3
\BOOKMARK [0][-]{chapter*.3}{R\351sum\351/Abstract}{}% 4
\BOOKMARK [0][-]{chapter*.4}{Introduction g\351n\351rale}{}% 5
\BOOKMARK [0][-]{chapter.1}{Contexte de l'\351tude}{}% 6
\BOOKMARK [1][-]{section.1.1}{Cadre du projet}{chapter.1}% 7
\BOOKMARK [1][-]{section.1.2}{Pr\351sentation de la structure de formation}{chapter.1}% 8
\BOOKMARK [1][-]{section.1.3}{Pr\351sentation de la structure de stage}{chapter.1}% 9
\BOOKMARK [1][-]{section.1.4}{Pr\351sentation du projet}{chapter.1}% 10
\BOOKMARK [2][-]{subsection.1.4.1}{Probl\351matique}{section.1.4}% 11
\BOOKMARK [2][-]{subsection.1.4.2}{\311tude de l'existant}{section.1.4}% 12
\BOOKMARK [2][-]{subsection.1.4.3}{Objectifs}{section.1.4}% 13
\BOOKMARK [1][-]{section.1.5}{Conclusion}{chapter.1}% 14
\BOOKMARK [0][-]{chapter.2}{Analyse informatique}{}% 15
\BOOKMARK [1][-]{section.2.1}{Introduction}{chapter.2}% 16
\BOOKMARK [1][-]{section.2.2}{Le diagramme de d\351ploiement}{chapter.2}% 17
\BOOKMARK [0][-]{chapter.3}{Conception et r\351alisation}{}% 18
\BOOKMARK [1][-]{section.3.1}{Introduction}{chapter.3}% 19
\BOOKMARK [1][-]{section.3.2}{Architectures d\351ploy\351es}{chapter.3}% 20
\BOOKMARK [2][-]{subsection.3.2.1}{Architecture Orient\351e Service}{section.3.2}% 21
\BOOKMARK [2][-]{subsection.3.2.2}{Architecture Mod\350le-Vue-Contr\364leur}{section.3.2}% 22
\BOOKMARK [1][-]{section.3.3}{Technologies utilis\351es}{chapter.3}% 23
\BOOKMARK [2][-]{subsection.3.3.1}{Apache Tomcat}{section.3.3}% 24
\BOOKMARK [2][-]{subsection.3.3.2}{Angular}{section.3.3}% 25
\BOOKMARK [2][-]{subsection.3.3.3}{TypeScript}{section.3.3}% 26
\BOOKMARK [2][-]{subsection.3.3.4}{Bootstrap}{section.3.3}% 27
\BOOKMARK [1][-]{section.3.4}{M\351thodologie}{chapter.3}% 28
\BOOKMARK [1][-]{section.3.5}{Outils projet}{chapter.3}% 29
\BOOKMARK [1][-]{section.3.6}{Int\351gration continue}{chapter.3}% 30
\BOOKMARK [1][-]{section.3.7}{Gestionnaire de code source}{chapter.3}% 31
